Determining if the pthread_create exist failed with the following output:
Change Dir: /home/zhangsheng/Research/recon/recon/psdf/cmake-build-debug/CMakeFiles/CMakeTmp

Run Build Command:"/usr/bin/make" "cmTC_0728b/fast"
/usr/bin/make -f CMakeFiles/cmTC_0728b.dir/build.make CMakeFiles/cmTC_0728b.dir/build
make[1]: Entering directory '/home/zhangsheng/Research/recon/recon/psdf/cmake-build-debug/CMakeFiles/CMakeTmp'
Building C object CMakeFiles/cmTC_0728b.dir/CheckSymbolExists.c.o
/usr/bin/cc   -fPIC    -o CMakeFiles/cmTC_0728b.dir/CheckSymbolExists.c.o   -c /home/zhangsheng/Research/recon/recon/psdf/cmake-build-debug/CMakeFiles/CMakeTmp/CheckSymbolExists.c
Linking C executable cmTC_0728b
/home/zhangsheng/Downloads/clion-2017.3/bin/cmake/bin/cmake -E cmake_link_script CMakeFiles/cmTC_0728b.dir/link.txt --verbose=1
/usr/bin/cc -fPIC     CMakeFiles/cmTC_0728b.dir/CheckSymbolExists.c.o  -o cmTC_0728b 
CMakeFiles/cmTC_0728b.dir/CheckSymbolExists.c.o: In function `main':
CheckSymbolExists.c:(.text+0x1b): undefined reference to `pthread_create'
collect2: error: ld returned 1 exit status
CMakeFiles/cmTC_0728b.dir/build.make:97: recipe for target 'cmTC_0728b' failed
make[1]: *** [cmTC_0728b] Error 1
make[1]: Leaving directory '/home/zhangsheng/Research/recon/recon/psdf/cmake-build-debug/CMakeFiles/CMakeTmp'
Makefile:126: recipe for target 'cmTC_0728b/fast' failed
make: *** [cmTC_0728b/fast] Error 2

File /home/zhangsheng/Research/recon/recon/psdf/cmake-build-debug/CMakeFiles/CMakeTmp/CheckSymbolExists.c:
/* */
#include <pthread.h>

int main(int argc, char** argv)
{
  (void)argv;
#ifndef pthread_create
  return ((int*)(&pthread_create))[argc];
#else
  (void)argc;
  return 0;
#endif
}

Determining if the function pthread_create exists in the pthreads failed with the following output:
Change Dir: /home/zhangsheng/Research/recon/recon/psdf/cmake-build-debug/CMakeFiles/CMakeTmp

Run Build Command:"/usr/bin/make" "cmTC_5326d/fast"
/usr/bin/make -f CMakeFiles/cmTC_5326d.dir/build.make CMakeFiles/cmTC_5326d.dir/build
make[1]: Entering directory '/home/zhangsheng/Research/recon/recon/psdf/cmake-build-debug/CMakeFiles/CMakeTmp'
Building C object CMakeFiles/cmTC_5326d.dir/CheckFunctionExists.c.o
/usr/bin/cc   -fPIC -DCHECK_FUNCTION_EXISTS=pthread_create   -o CMakeFiles/cmTC_5326d.dir/CheckFunctionExists.c.o   -c /home/zhangsheng/Downloads/clion-2017.3/bin/cmake/share/cmake-3.9/Modules/CheckFunctionExists.c
Linking C executable cmTC_5326d
/home/zhangsheng/Downloads/clion-2017.3/bin/cmake/bin/cmake -E cmake_link_script CMakeFiles/cmTC_5326d.dir/link.txt --verbose=1
/usr/bin/cc -fPIC -DCHECK_FUNCTION_EXISTS=pthread_create    CMakeFiles/cmTC_5326d.dir/CheckFunctionExists.c.o  -o cmTC_5326d -lpthreads 
/usr/bin/ld: cannot find -lpthreads
collect2: error: ld returned 1 exit status
CMakeFiles/cmTC_5326d.dir/build.make:97: recipe for target 'cmTC_5326d' failed
make[1]: *** [cmTC_5326d] Error 1
make[1]: Leaving directory '/home/zhangsheng/Research/recon/recon/psdf/cmake-build-debug/CMakeFiles/CMakeTmp'
Makefile:126: recipe for target 'cmTC_5326d/fast' failed
make: *** [cmTC_5326d/fast] Error 2


